Using pre-set license
Built from '2021.3/staging' branch; Version is '2021.3.5f1 (40eb3a945986) revision 4254522'; Using compiler version '192829333'; Build Type 'Release'
OS: 'Windows 10  (10.0.19043) 64bit Enterprise' Language: 'pl' Physical Memory: 32626 MB
BatchMode: 1, IsHumanControllingUs: 0, StartBugReporterOnCrash: 0, Is64bit: 1, IsPro: 1

COMMAND LINE ARGUMENTS:
C:\Program Files\Unity\Hub\Editor\2021.3.5f1\Editor\Unity.exe
-adb2
-batchMode
-noUpm
-name
AssetImportWorker0
-projectPath
C:/Users/NeuroSys/Zadanie
-logFile
Logs/AssetImportWorker0.log
-srvPort
50861
Successfully changed project path to: C:/Users/NeuroSys/Zadanie
C:/Users/NeuroSys/Zadanie
[UnityMemory] Configuration Parameters - Can be set up in boot.config
    "memorysetup-bucket-allocator-granularity=16"
    "memorysetup-bucket-allocator-bucket-count=8"
    "memorysetup-bucket-allocator-block-size=33554432"
    "memorysetup-bucket-allocator-block-count=8"
    "memorysetup-main-allocator-block-size=16777216"
    "memorysetup-thread-allocator-block-size=16777216"
    "memorysetup-gfx-main-allocator-block-size=16777216"
    "memorysetup-gfx-thread-allocator-block-size=16777216"
    "memorysetup-cache-allocator-block-size=4194304"
    "memorysetup-typetree-allocator-block-size=2097152"
    "memorysetup-profiler-bucket-allocator-granularity=16"
    "memorysetup-profiler-bucket-allocator-bucket-count=8"
    "memorysetup-profiler-bucket-allocator-block-size=33554432"
    "memorysetup-profiler-bucket-allocator-block-count=8"
    "memorysetup-profiler-allocator-block-size=16777216"
    "memorysetup-profiler-editor-allocator-block-size=1048576"
    "memorysetup-temp-allocator-size-main=16777216"
    "memorysetup-job-temp-allocator-block-size=2097152"
    "memorysetup-job-temp-allocator-block-size-background=1048576"
    "memorysetup-job-temp-allocator-reduction-small-platforms=262144"
    "memorysetup-temp-allocator-size-background-worker=32768"
    "memorysetup-temp-allocator-size-job-worker=262144"
    "memorysetup-temp-allocator-size-preload-manager=33554432"
    "memorysetup-temp-allocator-size-nav-mesh-worker=65536"
    "memorysetup-temp-allocator-size-audio-worker=65536"
    "memorysetup-temp-allocator-size-cloud-worker=32768"
    "memorysetup-temp-allocator-size-gi-baking-worker=262144"
    "memorysetup-temp-allocator-size-gfx=262144"
Refreshing native plugins compatible for Editor in 125.41 ms, found 3 plugins.
Preloading 0 native plugins for Editor in 0.00 ms.
Initialize engine version: 2021.3.5f1 (40eb3a945986)
[Subsystems] Discovering subsystems at path C:/Program Files/Unity/Hub/Editor/2021.3.5f1/Editor/Data/Resources/UnitySubsystems
[Subsystems] Discovering subsystems at path C:/Users/NeuroSys/Zadanie/Assets
GfxDevice: creating device client; threaded=0; jobified=0
Direct3D:
    Version:  Direct3D 11.0 [level 11.1]
    Renderer: Intel(R) UHD Graphics 620 (ID=0x5917)
    Vendor:   Intel
    VRAM:     16313 MB
    Driver:   30.0.101.1338
Initialize mono
Mono path[0] = 'C:/Program Files/Unity/Hub/Editor/2021.3.5f1/Editor/Data/Managed'
Mono path[1] = 'C:/Program Files/Unity/Hub/Editor/2021.3.5f1/Editor/Data/MonoBleedingEdge/lib/mono/unityjit-win32'
Mono config path = 'C:/Program Files/Unity/Hub/Editor/2021.3.5f1/Editor/Data/MonoBleedingEdge/etc'
Using monoOptions --debugger-agent=transport=dt_socket,embedding=1,server=y,suspend=n,address=127.0.0.1:56056
Begin MonoManager ReloadAssembly
Registering precompiled unity dll's ...
Register platform support module: C:/Program Files/Unity/Hub/Editor/2021.3.5f1/Editor/Data/PlaybackEngines/WebGLSupport/UnityEditor.WebGL.Extensions.dll
Register platform support module: C:/Program Files/Unity/Hub/Editor/2021.3.5f1/Editor/Data/PlaybackEngines/AndroidPlayer/UnityEditor.Android.Extensions.dll
Register platform support module: C:/Program Files/Unity/Hub/Editor/2021.3.5f1/Editor/Data/PlaybackEngines/WindowsStandaloneSupport/UnityEditor.WindowsStandalone.Extensions.dll
Register platform support module: C:/Program Files/Unity/Hub/Editor/2021.3.5f1/Editor/Data/PlaybackEngines/MetroSupport/UnityEditor.UWP.Extensions.dll
Registered in 0.011213 seconds.
Native extension for UWP target not found
Native extension for WindowsStandalone target not found
Native extension for Android target not found
Native extension for WebGL target not found
Refreshing native plugins compatible for Editor in 123.41 ms, found 3 plugins.
Preloading 0 native plugins for Editor in 0.00 ms.
Mono: successfully reloaded assembly
- Completed reload, in  0.834 seconds
Domain Reload Profiling:
	ReloadAssembly (835ms)
		BeginReloadAssembly (91ms)
			ExecutionOrderSort (0ms)
			DisableScriptedObjects (0ms)
			BackupInstance (0ms)
			ReleaseScriptingObjects (0ms)
			CreateAndSetChildDomain (1ms)
		EndReloadAssembly (608ms)
			LoadAssemblies (89ms)
			RebuildTransferFunctionScriptingTraits (0ms)
			SetupTypeCache (131ms)
			ReleaseScriptCaches (0ms)
			RebuildScriptCaches (34ms)
			SetupLoadedEditorAssemblies (382ms)
				LogAssemblyErrors (0ms)
				InitializePlatformSupportModulesInManaged (71ms)
				SetLoadedEditorAssemblies (3ms)
				RefreshPlugins (123ms)
				BeforeProcessingInitializeOnLoad (1ms)
				ProcessInitializeOnLoadAttributes (128ms)
				ProcessInitializeOnLoadMethodAttributes (56ms)
				AfterProcessingInitializeOnLoad (0ms)
				EditorAssembliesLoaded (0ms)
			ExecutionOrderSort2 (0ms)
			AwakeInstancesAfterBackupRestoration (0ms)
Platform modules already initialized, skipping
Registering precompiled user dll's ...
Registered in 0.009664 seconds.
Begin MonoManager ReloadAssembly
Symbol file LoadedFromMemory doesn't match image C:\Users\NeuroSys\Zadanie\Library\PackageCache\com.unity.visualscripting@1.7.8\Editor\VisualScripting.Core\Dependencies\YamlDotNet\Unity.VisualScripting.YamlDotNet.dll
Symbol file LoadedFromMemory doesn't match image C:\Users\NeuroSys\Zadanie\Library\PackageCache\com.unity.visualscripting@1.7.8\Editor\VisualScripting.Core\Dependencies\DotNetZip\Unity.VisualScripting.IonicZip.dll
Native extension for UWP target not found
Native extension for WindowsStandalone target not found
Native extension for Android target not found
Native extension for WebGL target not found
Refreshing native plugins compatible for Editor in 118.13 ms, found 3 plugins.
Preloading 0 native plugins for Editor in 0.00 ms.
Mono: successfully reloaded assembly
- Completed reload, in  1.676 seconds
Domain Reload Profiling:
	ReloadAssembly (1677ms)
		BeginReloadAssembly (244ms)
			ExecutionOrderSort (0ms)
			DisableScriptedObjects (7ms)
			BackupInstance (0ms)
			ReleaseScriptingObjects (0ms)
			CreateAndSetChildDomain (133ms)
		EndReloadAssembly (1295ms)
			LoadAssemblies (106ms)
			RebuildTransferFunctionScriptingTraits (0ms)
			SetupTypeCache (391ms)
			ReleaseScriptCaches (1ms)
			RebuildScriptCaches (110ms)
			SetupLoadedEditorAssemblies (586ms)
				LogAssemblyErrors (0ms)
				InitializePlatformSupportModulesInManaged (21ms)
				SetLoadedEditorAssemblies (0ms)
				RefreshPlugins (118ms)
				BeforeProcessingInitializeOnLoad (119ms)
				ProcessInitializeOnLoadAttributes (287ms)
				ProcessInitializeOnLoadMethodAttributes (32ms)
				AfterProcessingInitializeOnLoad (9ms)
				EditorAssembliesLoaded (0ms)
			ExecutionOrderSort2 (0ms)
			AwakeInstancesAfterBackupRestoration (7ms)
Platform modules already initialized, skipping
========================================================================
Worker process is ready to serve import requests
Launched and connected shader compiler UnityShaderCompiler.exe after 0.05 seconds
Refreshing native plugins compatible for Editor in 1.24 ms, found 3 plugins.
Preloading 0 native plugins for Editor in 0.00 ms.
Unloading 4116 Unused Serialized files (Serialized files now loaded: 0)
Unloading 33 unused Assets / (111.3 KB). Loaded Objects now: 4569.
Memory consumption went from 141.5 MB to 141.4 MB.
Total: 5.438200 ms (FindLiveObjects: 0.363800 ms CreateObjectMapping: 0.270800 ms MarkObjects: 4.685300 ms  DeleteObjects: 0.117100 ms)

AssetImportParameters requested are different than current active one (requested -> active):
  custom:video-decoder-ogg-theora: a1e56fd34408186e4bbccfd4996cb3dc -> 
  custom:container-muxer-webm: aa71ff27fc2769a1b78a27578f13a17b -> 
  custom:container-demuxer-webm: 4f35f7cbe854078d1ac9338744f61a02 -> 
  custom:video-encoder-webm-vp8: eb34c28f22e8b96e1ab97ce403110664 -> 
  custom:audio-encoder-webm-vorbis: bf7c407c2cedff20999df2af8eb42d56 -> 
  custom:framework-win-MediaFoundation: 216162199b28c13a410421893ffa2e32 -> 
  custom:container-demuxer-ogg: 62fdf1f143b41e24485cea50d1cbac27 -> 
  custom:video-decoder-webm-vp8: 9c59270c3fd7afecdb556c50c9e8de78 -> 
  custom:audio-decoder-ogg-vorbis: bf7c407c2cedff20999df2af8eb42d56 -> 
========================================================================
Received Import Request.
  Time since last request: 241096.167798 seconds.
  path: Assets/Scripts/View/MazeGameView.cs
  artifactKey: Guid(92cdc3949f0e6654b9075da43fa582a3) Importer(815301076,1909f56bfc062723c751e8b465ee728b)
Start importing Assets/Scripts/View/MazeGameView.cs using Guid(92cdc3949f0e6654b9075da43fa582a3) Importer(815301076,1909f56bfc062723c751e8b465ee728b)  -> (artifact id: 'a5286bc4e117be24732fc6194df494de') in 0.033758 seconds 
========================================================================
Received Prepare
Registering precompiled user dll's ...
Registered in 0.009482 seconds.
Begin MonoManager ReloadAssembly
Symbol file LoadedFromMemory doesn't match image C:\Users\NeuroSys\Zadanie\Library\PackageCache\com.unity.visualscripting@1.7.8\Editor\VisualScripting.Core\Dependencies\YamlDotNet\Unity.VisualScripting.YamlDotNet.dll
Symbol file LoadedFromMemory doesn't match image C:\Users\NeuroSys\Zadanie\Library\PackageCache\com.unity.visualscripting@1.7.8\Editor\VisualScripting.Core\Dependencies\DotNetZip\Unity.VisualScripting.IonicZip.dll
Native extension for UWP target not found
Native extension for WindowsStandalone target not found
Native extension for Android target not found
Native extension for WebGL target not found
Refreshing native plugins compatible for Editor in 1.58 ms, found 3 plugins.
Preloading 0 native plugins for Editor in 0.00 ms.
Mono: successfully reloaded assembly
- Completed reload, in  2.467 seconds
Domain Reload Profiling:
	ReloadAssembly (2469ms)
		BeginReloadAssembly (177ms)
			ExecutionOrderSort (0ms)
			DisableScriptedObjects (7ms)
			BackupInstance (0ms)
			ReleaseScriptingObjects (0ms)
			CreateAndSetChildDomain (57ms)
		EndReloadAssembly (2156ms)
			LoadAssemblies (106ms)
			RebuildTransferFunctionScriptingTraits (0ms)
			SetupTypeCache (408ms)
			ReleaseScriptCaches (2ms)
			RebuildScriptCaches (80ms)
			SetupLoadedEditorAssemblies (1363ms)
				LogAssemblyErrors (0ms)
				InitializePlatformSupportModulesInManaged (68ms)
				SetLoadedEditorAssemblies (1ms)
				RefreshPlugins (2ms)
				BeforeProcessingInitializeOnLoad (274ms)
				ProcessInitializeOnLoadAttributes (869ms)
				ProcessInitializeOnLoadMethodAttributes (118ms)
				AfterProcessingInitializeOnLoad (29ms)
				EditorAssembliesLoaded (1ms)
			ExecutionOrderSort2 (0ms)
			AwakeInstancesAfterBackupRestoration (28ms)
Platform modules already initialized, skipping
Refreshing native plugins compatible for Editor in 7.47 ms, found 3 plugins.
Preloading 0 native plugins for Editor in 0.00 ms.
Unloading 4089 Unused Serialized files (Serialized files now loaded: 0)
Unloading 26 unused Assets / (78.5 KB). Loaded Objects now: 4572.
Memory consumption went from 139.3 MB to 139.2 MB.
Total: 7.664100 ms (FindLiveObjects: 0.877800 ms CreateObjectMapping: 0.533600 ms MarkObjects: 5.996000 ms  DeleteObjects: 0.249200 ms)

AssetImportParameters requested are different than current active one (requested -> active):
  custom:video-decoder-ogg-theora: a1e56fd34408186e4bbccfd4996cb3dc -> 
  custom:container-muxer-webm: aa71ff27fc2769a1b78a27578f13a17b -> 
  custom:container-demuxer-webm: 4f35f7cbe854078d1ac9338744f61a02 -> 
  custom:video-encoder-webm-vp8: eb34c28f22e8b96e1ab97ce403110664 -> 
  custom:audio-encoder-webm-vorbis: bf7c407c2cedff20999df2af8eb42d56 -> 
  custom:framework-win-MediaFoundation: 216162199b28c13a410421893ffa2e32 -> 
  custom:container-demuxer-ogg: 62fdf1f143b41e24485cea50d1cbac27 -> 
  custom:video-decoder-webm-vp8: 9c59270c3fd7afecdb556c50c9e8de78 -> 
  custom:audio-decoder-ogg-vorbis: bf7c407c2cedff20999df2af8eb42d56 -> 
========================================================================
Received Import Request.
  Time since last request: 346.648850 seconds.
  path: Assets/Prefab/Loading/LoadingScreen.prefab
  artifactKey: Guid(de9e82e0e9402094591ec670b8337504) Importer(815301076,1909f56bfc062723c751e8b465ee728b)
Start importing Assets/Prefab/Loading/LoadingScreen.prefab using Guid(de9e82e0e9402094591ec670b8337504) Importer(815301076,1909f56bfc062723c751e8b465ee728b)  -> (artifact id: 'fe747b0d45f6a3e34ca97533996e3411') in 0.053196 seconds 
========================================================================
Received Import Request.
  Time since last request: 26.551137 seconds.
  path: Assets/Scripts/View/Components/Checkpoint.cs
  artifactKey: Guid(68bb16e61a20fe1408af61bbb47324ff) Importer(815301076,1909f56bfc062723c751e8b465ee728b)
Start importing Assets/Scripts/View/Components/Checkpoint.cs using Guid(68bb16e61a20fe1408af61bbb47324ff) Importer(815301076,1909f56bfc062723c751e8b465ee728b)  -> (artifact id: 'e0fdafe2e4044312edba3b343e78e459') in 0.008001 seconds 
========================================================================
Received Import Request.
  Time since last request: 27.400419 seconds.
  path: Assets/Scripts/View/LoadingView.cs
  artifactKey: Guid(1485ecac344340569c76fb2ae7170c0e) Importer(815301076,1909f56bfc062723c751e8b465ee728b)
Start importing Assets/Scripts/View/LoadingView.cs using Guid(1485ecac344340569c76fb2ae7170c0e) Importer(815301076,1909f56bfc062723c751e8b465ee728b)  -> (artifact id: 'd90733b661b7e25adf1d687cc7dedd31') in 0.007012 seconds 
========================================================================
Received Import Request.
  Time since last request: 43.534029 seconds.
  path: Assets/Scripts/View/Types/LoadingIndicatorType.cs
  artifactKey: Guid(8b0dfd26e758488bb261400a3b1d9af3) Importer(815301076,1909f56bfc062723c751e8b465ee728b)
Start importing Assets/Scripts/View/Types/LoadingIndicatorType.cs using Guid(8b0dfd26e758488bb261400a3b1d9af3) Importer(815301076,1909f56bfc062723c751e8b465ee728b)  -> (artifact id: 'adb7fcaa188284c28187e754b596c9bb') in 0.009073 seconds 
========================================================================
Received Import Request.
  Time since last request: 29.216481 seconds.
  path: Assets/Scripts/Service/BoredService.cs
  artifactKey: Guid(fb135c59e94c7a04ea85fe706ce8e37a) Importer(815301076,1909f56bfc062723c751e8b465ee728b)
Start importing Assets/Scripts/Service/BoredService.cs using Guid(fb135c59e94c7a04ea85fe706ce8e37a) Importer(815301076,1909f56bfc062723c751e8b465ee728b)  -> (artifact id: 'e4aae048dcf4c7096e7914f706935c28') in 0.007804 seconds 
========================================================================
Received Import Request.
  Time since last request: 30.285232 seconds.
  path: Assets/Scripts/Service/CoroutineService.cs
  artifactKey: Guid(2dc989e1f0b09e344b382a068e15e31f) Importer(815301076,1909f56bfc062723c751e8b465ee728b)
Start importing Assets/Scripts/Service/CoroutineService.cs using Guid(2dc989e1f0b09e344b382a068e15e31f) Importer(815301076,1909f56bfc062723c751e8b465ee728b)  -> (artifact id: '140822bcc191c94eb99297f52796e98c') in 0.033030 seconds 
========================================================================
Received Import Request.
  Time since last request: 24.494864 seconds.
  path: Assets/Scripts/Installer/MainInstaller.cs
  artifactKey: Guid(12f4389901432ea4085bd9618b5010f8) Importer(815301076,1909f56bfc062723c751e8b465ee728b)
Start importing Assets/Scripts/Installer/MainInstaller.cs using Guid(12f4389901432ea4085bd9618b5010f8) Importer(815301076,1909f56bfc062723c751e8b465ee728b)  -> (artifact id: 'c98b41150bc40fdab93255fd46c0c848') in 0.007099 seconds 
========================================================================
Received Import Request.
  Time since last request: 14.459496 seconds.
  path: Assets/Scripts/Installer/MazeGameMainInstaller.cs
  artifactKey: Guid(4e01fa7d410db2440bb64ec08a83cef3) Importer(815301076,1909f56bfc062723c751e8b465ee728b)
Start importing Assets/Scripts/Installer/MazeGameMainInstaller.cs using Guid(4e01fa7d410db2440bb64ec08a83cef3) Importer(815301076,1909f56bfc062723c751e8b465ee728b)  -> (artifact id: '6246c3f9f753b6e0fbe3fc8f99020de3') in 0.007678 seconds 
========================================================================
Received Import Request.
  Time since last request: 5609.187807 seconds.
  path: Assets/Plugins/Zenject/ReadMe.url
  artifactKey: Guid(937aea47cf7f0864cb39571ca85e205d) Importer(815301076,1909f56bfc062723c751e8b465ee728b)
Start importing Assets/Plugins/Zenject/ReadMe.url using Guid(937aea47cf7f0864cb39571ca85e205d) Importer(815301076,1909f56bfc062723c751e8b465ee728b)  -> (artifact id: '8d7846a8104e79173514299748b7474e') in 0.037868 seconds 
========================================================================
Received Import Request.
  Time since last request: 671.479591 seconds.
  path: Assets/Plugins/Redbus/Redbus.dll
  artifactKey: Guid(550de1a23b211404fa945b7eba1b5fdd) Importer(815301076,1909f56bfc062723c751e8b465ee728b)
Start importing Assets/Plugins/Redbus/Redbus.dll using Guid(550de1a23b211404fa945b7eba1b5fdd) Importer(815301076,1909f56bfc062723c751e8b465ee728b)  -> (artifact id: 'c562a653eb77670973ea4e6f085429e0') in 0.010448 seconds 
